Determining if the pthread_create exist failed with the following output:
Change Dir: /onnx-xla/CMakeFiles/CMakeTmp

Run Build Command:"/usr/bin/make" "cmTC_1bc0f/fast"
/usr/bin/make -f CMakeFiles/cmTC_1bc0f.dir/build.make CMakeFiles/cmTC_1bc0f.dir/build
make[1]: Entering directory '/onnx-xla/CMakeFiles/CMakeTmp'
Building C object CMakeFiles/cmTC_1bc0f.dir/CheckSymbolExists.c.o
/usr/bin/cc     -o CMakeFiles/cmTC_1bc0f.dir/CheckSymbolExists.c.o   -c /onnx-xla/CMakeFiles/CMakeTmp/CheckSymbolExists.c
Linking C executable cmTC_1bc0f
/usr/bin/cmake -E cmake_link_script CMakeFiles/cmTC_1bc0f.dir/link.txt --verbose=1
/usr/bin/cc       CMakeFiles/cmTC_1bc0f.dir/CheckSymbolExists.c.o  -o cmTC_1bc0f -rdynamic 
CMakeFiles/cmTC_1bc0f.dir/CheckSymbolExists.c.o: In function `main':
CheckSymbolExists.c:(.text+0x16): undefined reference to `pthread_create'
collect2: error: ld returned 1 exit status
CMakeFiles/cmTC_1bc0f.dir/build.make:97: recipe for target 'cmTC_1bc0f' failed
make[1]: *** [cmTC_1bc0f] Error 1
make[1]: Leaving directory '/onnx-xla/CMakeFiles/CMakeTmp'
Makefile:126: recipe for target 'cmTC_1bc0f/fast' failed
make: *** [cmTC_1bc0f/fast] Error 2

File /onnx-xla/CMakeFiles/CMakeTmp/CheckSymbolExists.c:
/* */
#include <pthread.h>

int main(int argc, char** argv)
{
  (void)argv;
#ifndef pthread_create
  return ((int*)(&pthread_create))[argc];
#else
  (void)argc;
  return 0;
#endif
}

Determining if the function pthread_create exists in the pthreads failed with the following output:
Change Dir: /onnx-xla/CMakeFiles/CMakeTmp

Run Build Command:"/usr/bin/make" "cmTC_3c484/fast"
/usr/bin/make -f CMakeFiles/cmTC_3c484.dir/build.make CMakeFiles/cmTC_3c484.dir/build
make[1]: Entering directory '/onnx-xla/CMakeFiles/CMakeTmp'
Building C object CMakeFiles/cmTC_3c484.dir/CheckFunctionExists.c.o
/usr/bin/cc    -DCHECK_FUNCTION_EXISTS=pthread_create   -o CMakeFiles/cmTC_3c484.dir/CheckFunctionExists.c.o   -c /usr/share/cmake-3.5/Modules/CheckFunctionExists.c
Linking C executable cmTC_3c484
/usr/bin/cmake -E cmake_link_script CMakeFiles/cmTC_3c484.dir/link.txt --verbose=1
/usr/bin/cc   -DCHECK_FUNCTION_EXISTS=pthread_create    CMakeFiles/cmTC_3c484.dir/CheckFunctionExists.c.o  -o cmTC_3c484 -rdynamic -lpthreads 
/usr/bin/ld: cannot find -lpthreads
collect2: error: ld returned 1 exit status
CMakeFiles/cmTC_3c484.dir/build.make:97: recipe for target 'cmTC_3c484' failed
make[1]: *** [cmTC_3c484] Error 1
make[1]: Leaving directory '/onnx-xla/CMakeFiles/CMakeTmp'
Makefile:126: recipe for target 'cmTC_3c484/fast' failed
make: *** [cmTC_3c484/fast] Error 2


Determining if the pthread_create exist failed with the following output:
Change Dir: /private/home/jainv/onnx-xla/CMakeFiles/CMakeTmp

Run Build Command:"/usr/bin/make" "cmTC_5ab23/fast"
/usr/bin/make -f CMakeFiles/cmTC_5ab23.dir/build.make CMakeFiles/cmTC_5ab23.dir/build
make[1]: Entering directory '/private/home/jainv/onnx-xla/CMakeFiles/CMakeTmp'
Building C object CMakeFiles/cmTC_5ab23.dir/CheckSymbolExists.c.o
/usr/bin/cc     -o CMakeFiles/cmTC_5ab23.dir/CheckSymbolExists.c.o   -c /private/home/jainv/onnx-xla/CMakeFiles/CMakeTmp/CheckSymbolExists.c
Linking C executable cmTC_5ab23
/usr/bin/cmake -E cmake_link_script CMakeFiles/cmTC_5ab23.dir/link.txt --verbose=1
/usr/bin/cc       CMakeFiles/cmTC_5ab23.dir/CheckSymbolExists.c.o  -o cmTC_5ab23 -rdynamic 
CMakeFiles/cmTC_5ab23.dir/CheckSymbolExists.c.o: In function `main':
CheckSymbolExists.c:(.text+0x16): undefined reference to `pthread_create'
collect2: error: ld returned 1 exit status
CMakeFiles/cmTC_5ab23.dir/build.make:97: recipe for target 'cmTC_5ab23' failed
make[1]: *** [cmTC_5ab23] Error 1
make[1]: Leaving directory '/private/home/jainv/onnx-xla/CMakeFiles/CMakeTmp'
Makefile:126: recipe for target 'cmTC_5ab23/fast' failed
make: *** [cmTC_5ab23/fast] Error 2

File /private/home/jainv/onnx-xla/CMakeFiles/CMakeTmp/CheckSymbolExists.c:
/* */
#include <pthread.h>

int main(int argc, char** argv)
{
  (void)argv;
#ifndef pthread_create
  return ((int*)(&pthread_create))[argc];
#else
  (void)argc;
  return 0;
#endif
}

Determining if the function pthread_create exists in the pthreads failed with the following output:
Change Dir: /private/home/jainv/onnx-xla/CMakeFiles/CMakeTmp

Run Build Command:"/usr/bin/make" "cmTC_00e26/fast"
/usr/bin/make -f CMakeFiles/cmTC_00e26.dir/build.make CMakeFiles/cmTC_00e26.dir/build
make[1]: Entering directory '/private/home/jainv/onnx-xla/CMakeFiles/CMakeTmp'
Building C object CMakeFiles/cmTC_00e26.dir/CheckFunctionExists.c.o
/usr/bin/cc    -DCHECK_FUNCTION_EXISTS=pthread_create   -o CMakeFiles/cmTC_00e26.dir/CheckFunctionExists.c.o   -c /usr/share/cmake-3.5/Modules/CheckFunctionExists.c
Linking C executable cmTC_00e26
/usr/bin/cmake -E cmake_link_script CMakeFiles/cmTC_00e26.dir/link.txt --verbose=1
/usr/bin/cc   -DCHECK_FUNCTION_EXISTS=pthread_create    CMakeFiles/cmTC_00e26.dir/CheckFunctionExists.c.o  -o cmTC_00e26 -rdynamic -lpthreads 
/usr/bin/ld: cannot find -lpthreads
collect2: error: ld returned 1 exit status
CMakeFiles/cmTC_00e26.dir/build.make:97: recipe for target 'cmTC_00e26' failed
make[1]: *** [cmTC_00e26] Error 1
make[1]: Leaving directory '/private/home/jainv/onnx-xla/CMakeFiles/CMakeTmp'
Makefile:126: recipe for target 'cmTC_00e26/fast' failed
make: *** [cmTC_00e26/fast] Error 2


Determining if the pthread_create exist failed with the following output:
Change Dir: /private/home/jainv/onnx-xla/CMakeFiles/CMakeTmp

Run Build Command:"/usr/bin/make" "cmTC_15d36/fast"
/usr/bin/make -f CMakeFiles/cmTC_15d36.dir/build.make CMakeFiles/cmTC_15d36.dir/build
make[1]: Entering directory '/private/home/jainv/onnx-xla/CMakeFiles/CMakeTmp'
Building C object CMakeFiles/cmTC_15d36.dir/CheckSymbolExists.c.o
/usr/bin/cc     -o CMakeFiles/cmTC_15d36.dir/CheckSymbolExists.c.o   -c /private/home/jainv/onnx-xla/CMakeFiles/CMakeTmp/CheckSymbolExists.c
Linking C executable cmTC_15d36
/usr/bin/cmake -E cmake_link_script CMakeFiles/cmTC_15d36.dir/link.txt --verbose=1
/usr/bin/cc       CMakeFiles/cmTC_15d36.dir/CheckSymbolExists.c.o  -o cmTC_15d36 -rdynamic 
CMakeFiles/cmTC_15d36.dir/CheckSymbolExists.c.o: In function `main':
CheckSymbolExists.c:(.text+0x16): undefined reference to `pthread_create'
collect2: error: ld returned 1 exit status
CMakeFiles/cmTC_15d36.dir/build.make:97: recipe for target 'cmTC_15d36' failed
make[1]: *** [cmTC_15d36] Error 1
make[1]: Leaving directory '/private/home/jainv/onnx-xla/CMakeFiles/CMakeTmp'
Makefile:126: recipe for target 'cmTC_15d36/fast' failed
make: *** [cmTC_15d36/fast] Error 2

File /private/home/jainv/onnx-xla/CMakeFiles/CMakeTmp/CheckSymbolExists.c:
/* */
#include <pthread.h>

int main(int argc, char** argv)
{
  (void)argv;
#ifndef pthread_create
  return ((int*)(&pthread_create))[argc];
#else
  (void)argc;
  return 0;
#endif
}

Determining if the function pthread_create exists in the pthreads failed with the following output:
Change Dir: /private/home/jainv/onnx-xla/CMakeFiles/CMakeTmp

Run Build Command:"/usr/bin/make" "cmTC_319d1/fast"
/usr/bin/make -f CMakeFiles/cmTC_319d1.dir/build.make CMakeFiles/cmTC_319d1.dir/build
make[1]: Entering directory '/private/home/jainv/onnx-xla/CMakeFiles/CMakeTmp'
Building C object CMakeFiles/cmTC_319d1.dir/CheckFunctionExists.c.o
/usr/bin/cc    -DCHECK_FUNCTION_EXISTS=pthread_create   -o CMakeFiles/cmTC_319d1.dir/CheckFunctionExists.c.o   -c /usr/share/cmake-3.5/Modules/CheckFunctionExists.c
Linking C executable cmTC_319d1
/usr/bin/cmake -E cmake_link_script CMakeFiles/cmTC_319d1.dir/link.txt --verbose=1
/usr/bin/cc   -DCHECK_FUNCTION_EXISTS=pthread_create    CMakeFiles/cmTC_319d1.dir/CheckFunctionExists.c.o  -o cmTC_319d1 -rdynamic -lpthreads 
/usr/bin/ld: cannot find -lpthreads
collect2: error: ld returned 1 exit status
CMakeFiles/cmTC_319d1.dir/build.make:97: recipe for target 'cmTC_319d1' failed
make[1]: *** [cmTC_319d1] Error 1
make[1]: Leaving directory '/private/home/jainv/onnx-xla/CMakeFiles/CMakeTmp'
Makefile:126: recipe for target 'cmTC_319d1/fast' failed
make: *** [cmTC_319d1/fast] Error 2


Determining if the pthread_create exist failed with the following output:
Change Dir: /private/home/jainv/onnx-xla/CMakeFiles/CMakeTmp

Run Build Command:"/usr/bin/make" "cmTC_92315/fast"
/usr/bin/make -f CMakeFiles/cmTC_92315.dir/build.make CMakeFiles/cmTC_92315.dir/build
make[1]: Entering directory '/private/home/jainv/onnx-xla/CMakeFiles/CMakeTmp'
Building C object CMakeFiles/cmTC_92315.dir/CheckSymbolExists.c.o
/usr/bin/cc     -o CMakeFiles/cmTC_92315.dir/CheckSymbolExists.c.o   -c /private/home/jainv/onnx-xla/CMakeFiles/CMakeTmp/CheckSymbolExists.c
Linking C executable cmTC_92315
/usr/bin/cmake -E cmake_link_script CMakeFiles/cmTC_92315.dir/link.txt --verbose=1
/usr/bin/cc       CMakeFiles/cmTC_92315.dir/CheckSymbolExists.c.o  -o cmTC_92315 -rdynamic 
CMakeFiles/cmTC_92315.dir/CheckSymbolExists.c.o: In function `main':
CheckSymbolExists.c:(.text+0x16): undefined reference to `pthread_create'
collect2: error: ld returned 1 exit status
CMakeFiles/cmTC_92315.dir/build.make:97: recipe for target 'cmTC_92315' failed
make[1]: *** [cmTC_92315] Error 1
make[1]: Leaving directory '/private/home/jainv/onnx-xla/CMakeFiles/CMakeTmp'
Makefile:126: recipe for target 'cmTC_92315/fast' failed
make: *** [cmTC_92315/fast] Error 2

File /private/home/jainv/onnx-xla/CMakeFiles/CMakeTmp/CheckSymbolExists.c:
/* */
#include <pthread.h>

int main(int argc, char** argv)
{
  (void)argv;
#ifndef pthread_create
  return ((int*)(&pthread_create))[argc];
#else
  (void)argc;
  return 0;
#endif
}

Determining if the function pthread_create exists in the pthreads failed with the following output:
Change Dir: /private/home/jainv/onnx-xla/CMakeFiles/CMakeTmp

Run Build Command:"/usr/bin/make" "cmTC_79139/fast"
/usr/bin/make -f CMakeFiles/cmTC_79139.dir/build.make CMakeFiles/cmTC_79139.dir/build
make[1]: Entering directory '/private/home/jainv/onnx-xla/CMakeFiles/CMakeTmp'
Building C object CMakeFiles/cmTC_79139.dir/CheckFunctionExists.c.o
/usr/bin/cc    -DCHECK_FUNCTION_EXISTS=pthread_create   -o CMakeFiles/cmTC_79139.dir/CheckFunctionExists.c.o   -c /usr/share/cmake-3.5/Modules/CheckFunctionExists.c
Linking C executable cmTC_79139
/usr/bin/cmake -E cmake_link_script CMakeFiles/cmTC_79139.dir/link.txt --verbose=1
/usr/bin/cc   -DCHECK_FUNCTION_EXISTS=pthread_create    CMakeFiles/cmTC_79139.dir/CheckFunctionExists.c.o  -o cmTC_79139 -rdynamic -lpthreads 
/usr/bin/ld: cannot find -lpthreads
collect2: error: ld returned 1 exit status
CMakeFiles/cmTC_79139.dir/build.make:97: recipe for target 'cmTC_79139' failed
make[1]: *** [cmTC_79139] Error 1
make[1]: Leaving directory '/private/home/jainv/onnx-xla/CMakeFiles/CMakeTmp'
Makefile:126: recipe for target 'cmTC_79139/fast' failed
make: *** [cmTC_79139/fast] Error 2


Determining if the pthread_create exist failed with the following output:
Change Dir: /private/home/jainv/onnx-xla/CMakeFiles/CMakeTmp

Run Build Command:"/usr/bin/make" "cmTC_36b80/fast"
/usr/bin/make -f CMakeFiles/cmTC_36b80.dir/build.make CMakeFiles/cmTC_36b80.dir/build
make[1]: Entering directory '/private/home/jainv/onnx-xla/CMakeFiles/CMakeTmp'
Building C object CMakeFiles/cmTC_36b80.dir/CheckSymbolExists.c.o
/usr/bin/cc     -o CMakeFiles/cmTC_36b80.dir/CheckSymbolExists.c.o   -c /private/home/jainv/onnx-xla/CMakeFiles/CMakeTmp/CheckSymbolExists.c
Linking C executable cmTC_36b80
/usr/bin/cmake -E cmake_link_script CMakeFiles/cmTC_36b80.dir/link.txt --verbose=1
/usr/bin/cc       CMakeFiles/cmTC_36b80.dir/CheckSymbolExists.c.o  -o cmTC_36b80 -rdynamic 
CMakeFiles/cmTC_36b80.dir/CheckSymbolExists.c.o: In function `main':
CheckSymbolExists.c:(.text+0x16): undefined reference to `pthread_create'
collect2: error: ld returned 1 exit status
CMakeFiles/cmTC_36b80.dir/build.make:97: recipe for target 'cmTC_36b80' failed
make[1]: *** [cmTC_36b80] Error 1
make[1]: Leaving directory '/private/home/jainv/onnx-xla/CMakeFiles/CMakeTmp'
Makefile:126: recipe for target 'cmTC_36b80/fast' failed
make: *** [cmTC_36b80/fast] Error 2

File /private/home/jainv/onnx-xla/CMakeFiles/CMakeTmp/CheckSymbolExists.c:
/* */
#include <pthread.h>

int main(int argc, char** argv)
{
  (void)argv;
#ifndef pthread_create
  return ((int*)(&pthread_create))[argc];
#else
  (void)argc;
  return 0;
#endif
}

Determining if the function pthread_create exists in the pthreads failed with the following output:
Change Dir: /private/home/jainv/onnx-xla/CMakeFiles/CMakeTmp

Run Build Command:"/usr/bin/make" "cmTC_855aa/fast"
/usr/bin/make -f CMakeFiles/cmTC_855aa.dir/build.make CMakeFiles/cmTC_855aa.dir/build
make[1]: Entering directory '/private/home/jainv/onnx-xla/CMakeFiles/CMakeTmp'
Building C object CMakeFiles/cmTC_855aa.dir/CheckFunctionExists.c.o
/usr/bin/cc    -DCHECK_FUNCTION_EXISTS=pthread_create   -o CMakeFiles/cmTC_855aa.dir/CheckFunctionExists.c.o   -c /usr/share/cmake-3.5/Modules/CheckFunctionExists.c
Linking C executable cmTC_855aa
/usr/bin/cmake -E cmake_link_script CMakeFiles/cmTC_855aa.dir/link.txt --verbose=1
/usr/bin/cc   -DCHECK_FUNCTION_EXISTS=pthread_create    CMakeFiles/cmTC_855aa.dir/CheckFunctionExists.c.o  -o cmTC_855aa -rdynamic -lpthreads 
/usr/bin/ld: cannot find -lpthreads
collect2: error: ld returned 1 exit status
CMakeFiles/cmTC_855aa.dir/build.make:97: recipe for target 'cmTC_855aa' failed
make[1]: *** [cmTC_855aa] Error 1
make[1]: Leaving directory '/private/home/jainv/onnx-xla/CMakeFiles/CMakeTmp'
Makefile:126: recipe for target 'cmTC_855aa/fast' failed
make: *** [cmTC_855aa/fast] Error 2


Determining if the pthread_create exist failed with the following output:
Change Dir: /private/home/jainv/onnx-xla/CMakeFiles/CMakeTmp

Run Build Command:"/usr/bin/make" "cmTC_e63f2/fast"
/usr/bin/make -f CMakeFiles/cmTC_e63f2.dir/build.make CMakeFiles/cmTC_e63f2.dir/build
make[1]: Entering directory '/private/home/jainv/onnx-xla/CMakeFiles/CMakeTmp'
Building C object CMakeFiles/cmTC_e63f2.dir/CheckSymbolExists.c.o
/usr/bin/cc     -o CMakeFiles/cmTC_e63f2.dir/CheckSymbolExists.c.o   -c /private/home/jainv/onnx-xla/CMakeFiles/CMakeTmp/CheckSymbolExists.c
Linking C executable cmTC_e63f2
/usr/bin/cmake -E cmake_link_script CMakeFiles/cmTC_e63f2.dir/link.txt --verbose=1
/usr/bin/cc       CMakeFiles/cmTC_e63f2.dir/CheckSymbolExists.c.o  -o cmTC_e63f2 -rdynamic 
CMakeFiles/cmTC_e63f2.dir/CheckSymbolExists.c.o: In function `main':
CheckSymbolExists.c:(.text+0x16): undefined reference to `pthread_create'
collect2: error: ld returned 1 exit status
CMakeFiles/cmTC_e63f2.dir/build.make:97: recipe for target 'cmTC_e63f2' failed
make[1]: *** [cmTC_e63f2] Error 1
make[1]: Leaving directory '/private/home/jainv/onnx-xla/CMakeFiles/CMakeTmp'
Makefile:126: recipe for target 'cmTC_e63f2/fast' failed
make: *** [cmTC_e63f2/fast] Error 2

File /private/home/jainv/onnx-xla/CMakeFiles/CMakeTmp/CheckSymbolExists.c:
/* */
#include <pthread.h>

int main(int argc, char** argv)
{
  (void)argv;
#ifndef pthread_create
  return ((int*)(&pthread_create))[argc];
#else
  (void)argc;
  return 0;
#endif
}

Determining if the function pthread_create exists in the pthreads failed with the following output:
Change Dir: /private/home/jainv/onnx-xla/CMakeFiles/CMakeTmp

Run Build Command:"/usr/bin/make" "cmTC_da772/fast"
/usr/bin/make -f CMakeFiles/cmTC_da772.dir/build.make CMakeFiles/cmTC_da772.dir/build
make[1]: Entering directory '/private/home/jainv/onnx-xla/CMakeFiles/CMakeTmp'
Building C object CMakeFiles/cmTC_da772.dir/CheckFunctionExists.c.o
/usr/bin/cc    -DCHECK_FUNCTION_EXISTS=pthread_create   -o CMakeFiles/cmTC_da772.dir/CheckFunctionExists.c.o   -c /usr/share/cmake-3.5/Modules/CheckFunctionExists.c
Linking C executable cmTC_da772
/usr/bin/cmake -E cmake_link_script CMakeFiles/cmTC_da772.dir/link.txt --verbose=1
/usr/bin/cc   -DCHECK_FUNCTION_EXISTS=pthread_create    CMakeFiles/cmTC_da772.dir/CheckFunctionExists.c.o  -o cmTC_da772 -rdynamic -lpthreads 
/usr/bin/ld: cannot find -lpthreads
collect2: error: ld returned 1 exit status
CMakeFiles/cmTC_da772.dir/build.make:97: recipe for target 'cmTC_da772' failed
make[1]: *** [cmTC_da772] Error 1
make[1]: Leaving directory '/private/home/jainv/onnx-xla/CMakeFiles/CMakeTmp'
Makefile:126: recipe for target 'cmTC_da772/fast' failed
make: *** [cmTC_da772/fast] Error 2


Determining if the pthread_create exist failed with the following output:
Change Dir: /private/home/jainv/onnx-xla/CMakeFiles/CMakeTmp

Run Build Command:"/usr/bin/make" "cmTC_08da0/fast"
/usr/bin/make -f CMakeFiles/cmTC_08da0.dir/build.make CMakeFiles/cmTC_08da0.dir/build
make[1]: Entering directory '/private/home/jainv/onnx-xla/CMakeFiles/CMakeTmp'
Building C object CMakeFiles/cmTC_08da0.dir/CheckSymbolExists.c.o
/usr/bin/cc     -o CMakeFiles/cmTC_08da0.dir/CheckSymbolExists.c.o   -c /private/home/jainv/onnx-xla/CMakeFiles/CMakeTmp/CheckSymbolExists.c
Linking C executable cmTC_08da0
/usr/bin/cmake -E cmake_link_script CMakeFiles/cmTC_08da0.dir/link.txt --verbose=1
/usr/bin/cc       CMakeFiles/cmTC_08da0.dir/CheckSymbolExists.c.o  -o cmTC_08da0 -rdynamic 
CMakeFiles/cmTC_08da0.dir/CheckSymbolExists.c.o: In function `main':
CheckSymbolExists.c:(.text+0x16): undefined reference to `pthread_create'
collect2: error: ld returned 1 exit status
CMakeFiles/cmTC_08da0.dir/build.make:97: recipe for target 'cmTC_08da0' failed
make[1]: *** [cmTC_08da0] Error 1
make[1]: Leaving directory '/private/home/jainv/onnx-xla/CMakeFiles/CMakeTmp'
Makefile:126: recipe for target 'cmTC_08da0/fast' failed
make: *** [cmTC_08da0/fast] Error 2

File /private/home/jainv/onnx-xla/CMakeFiles/CMakeTmp/CheckSymbolExists.c:
/* */
#include <pthread.h>

int main(int argc, char** argv)
{
  (void)argv;
#ifndef pthread_create
  return ((int*)(&pthread_create))[argc];
#else
  (void)argc;
  return 0;
#endif
}

Determining if the function pthread_create exists in the pthreads failed with the following output:
Change Dir: /private/home/jainv/onnx-xla/CMakeFiles/CMakeTmp

Run Build Command:"/usr/bin/make" "cmTC_8eb5a/fast"
/usr/bin/make -f CMakeFiles/cmTC_8eb5a.dir/build.make CMakeFiles/cmTC_8eb5a.dir/build
make[1]: Entering directory '/private/home/jainv/onnx-xla/CMakeFiles/CMakeTmp'
Building C object CMakeFiles/cmTC_8eb5a.dir/CheckFunctionExists.c.o
/usr/bin/cc    -DCHECK_FUNCTION_EXISTS=pthread_create   -o CMakeFiles/cmTC_8eb5a.dir/CheckFunctionExists.c.o   -c /usr/share/cmake-3.5/Modules/CheckFunctionExists.c
Linking C executable cmTC_8eb5a
/usr/bin/cmake -E cmake_link_script CMakeFiles/cmTC_8eb5a.dir/link.txt --verbose=1
/usr/bin/cc   -DCHECK_FUNCTION_EXISTS=pthread_create    CMakeFiles/cmTC_8eb5a.dir/CheckFunctionExists.c.o  -o cmTC_8eb5a -rdynamic -lpthreads 
/usr/bin/ld: cannot find -lpthreads
collect2: error: ld returned 1 exit status
CMakeFiles/cmTC_8eb5a.dir/build.make:97: recipe for target 'cmTC_8eb5a' failed
make[1]: *** [cmTC_8eb5a] Error 1
make[1]: Leaving directory '/private/home/jainv/onnx-xla/CMakeFiles/CMakeTmp'
Makefile:126: recipe for target 'cmTC_8eb5a/fast' failed
make: *** [cmTC_8eb5a/fast] Error 2


